<?xml version="1.0" encoding="UTF-8"?>
<!-- Generated by org.testng.reporters.JUnitReportReporter -->
<testsuite hostname="PARAM" failures="0" tests="1" name="Udemy.Appium.HomePageTest" time="27.915" errors="0" timestamp="09 Sep 2022 08:57:26 GMT" skipped="0">
  <testcase classname="Udemy.Appium.HomePageTest" name="validateh1HeadingTest" time="27.915"/>
</testsuite> <!-- Udemy.Appium.HomePageTest -->
