<?xml version="1.0" encoding="UTF-8"?>
<!-- Generated by org.testng.reporters.JUnitReportReporter -->
<testsuite hostname="PARAM" failures="0" tests="1" name="Udemy.Appium.ScrollToElementTest" time="33.964" errors="0" timestamp="10 Sep 2022 10:48:17 GMT" skipped="0">
  <testcase classname="Udemy.Appium.ScrollToElementTest" name="validateLongPressTest" time="33.964"/>
</testsuite> <!-- Udemy.Appium.ScrollToElementTest -->
